<?xml version="1.0" encoding="UTF-8"?>
<!-- Generated by org.testng.reporters.JUnitReportReporter -->
<testsuite skipped="0" hostname="DESKTOP-9EU580V" name="dataDrivenTestPackage.DataDrivenAPITest" tests="3" failures="0" timestamp="2022-12-16T16:40:33 CST" time="4.926" errors="0">
  <testcase name="postNewEmployee" time="4.044" classname="dataDrivenTestPackage.DataDrivenAPITest"/>
  <system-out/>
  <testcase name="postNewEmployee" time="0.442" classname="dataDrivenTestPackage.DataDrivenAPITest"/>
  <system-out/>
  <testcase name="postNewEmployee" time="0.440" classname="dataDrivenTestPackage.DataDrivenAPITest"/>
  <system-out/>
</testsuite> <!-- dataDrivenTestPackage.DataDrivenAPITest -->
