<?xml version="1.0" encoding="UTF-8"?>
<!-- Generated by org.testng.reporters.JUnitReportReporter -->
<testsuite skipped="0" hostname="DESKTOP-9EU580V" name="Get_Request_path" tests="1" failures="0" timestamp="2022-12-15T21:17:16 CST" time="4.335" errors="0">
  <testcase name="getWeatherDetails" time="4.335" classname="Get_Request_path"/>
  <system-out/>
</testsuite> <!-- Get_Request_path -->
