<?xml version="1.0" encoding="UTF-8"?>
<!-- Generated by org.testng.reporters.JUnitReportReporter -->
<testsuite skipped="0" hostname="DESKTOP-9EU580V" name="T002_01_Post_Request" tests="1" failures="0" timestamp="2022-12-15T21:32:20 CST" time="4.651" errors="0">
  <testcase name="test1" time="4.651" classname="T002_01_Post_Request"/>
  <system-out/>
</testsuite> <!-- T002_01_Post_Request -->
