<?xml version="1.0" encoding="UTF-8"?>
<!-- Generated by org.testng.reporters.JUnitReportReporter -->
<testsuite skipped="0" hostname="DESKTOP-9EU580V" name="postmanAPItesting.GetWeatherAPI" tests="1" failures="0" timestamp="2022-12-15T15:52:41 CST" time="3.423" errors="0">
  <testcase name="getWeatherDetail" time="3.423" classname="postmanAPItesting.GetWeatherAPI"/>
  <system-out/>
</testsuite> <!-- postmanAPItesting.GetWeatherAPI -->
