<?xml version="1.0" encoding="UTF-8"?>
<!-- Generated by org.testng.reporters.JUnitReportReporter -->
<testsuite skipped="0" hostname="DESKTOP-9EU580V" name="postmanAPItesting.GetWeatherAPI" tests="1" failures="0" timestamp="2022-12-20T12:30:33 CST" time="4.800" errors="0">
  <testcase name="getWeatherDetail" time="4.800" classname="postmanAPItesting.GetWeatherAPI"/>
  <system-out/>
</testsuite> <!-- postmanAPItesting.GetWeatherAPI -->
