<?xml version="1.0" encoding="UTF-8"?>
<!-- Generated by org.testng.reporters.JUnitReportReporter -->
<testsuite skipped="0" hostname="DESKTOP-9EU580V" name="dataDrivenTestPackage.DataDrivenAPITestFromExcel" tests="5" failures="0" timestamp="2022-12-16T17:06:14 CST" time="6.681" errors="0">
  <testcase name="postNewEmployee" time="0.557" classname="dataDrivenTestPackage.DataDrivenAPITestFromExcel"/>
  <system-out/>
  <testcase name="postNewEmployee" time="0.440" classname="dataDrivenTestPackage.DataDrivenAPITestFromExcel"/>
  <system-out/>
  <testcase name="postNewEmployee" time="0.547" classname="dataDrivenTestPackage.DataDrivenAPITestFromExcel"/>
  <system-out/>
  <testcase name="postNewEmployee" time="4.134" classname="dataDrivenTestPackage.DataDrivenAPITestFromExcel"/>
  <system-out/>
  <testcase name="postNewEmployee" time="1.003" classname="dataDrivenTestPackage.DataDrivenAPITestFromExcel"/>
  <system-out/>
</testsuite> <!-- dataDrivenTestPackage.DataDrivenAPITestFromExcel -->
