<?xml version="1.0" encoding="UTF-8"?>
<!-- Generated by org.testng.reporters.JUnitReportReporter -->
<testsuite skipped="0" hostname="DESKTOP-9EU580V" name="TC001_Get_Request" tests="1" failures="0" timestamp="2022-12-15T14:42:23 CST" time="3.352" errors="0">
  <testcase name="getWeatherDetails" time="3.352" classname="TC001_Get_Request"/>
  <system-out/>
</testsuite> <!-- TC001_Get_Request -->
