<?xml version="1.0" encoding="UTF-8"?>
<!-- Generated by org.testng.reporters.JUnitReportReporter -->
<testsuite skipped="0" hostname="DESKTOP-9EU580V" name="postmanAPItesting.BasicAuthenticationDemo" tests="1" failures="0" timestamp="2022-12-15T16:25:45 CST" time="3.663" errors="0">
  <testcase name="basicAuthentication" time="3.663" classname="postmanAPItesting.BasicAuthenticationDemo"/>
  <system-out/>
</testsuite> <!-- postmanAPItesting.BasicAuthenticationDemo -->
