<?xml version="1.0" encoding="UTF-8"?>
<!-- Generated by org.testng.reporters.JUnitReportReporter -->
<testsuite skipped="0" hostname="DESKTOP-9EU580V" name="simpleBookAPI.Get_API_Status" tests="1" failures="0" timestamp="2022-12-20T12:30:13 CST" time="6.708" errors="0">
  <testcase name="getAPIStatus" time="6.708" classname="simpleBookAPI.Get_API_Status"/>
  <system-out/>
</testsuite> <!-- simpleBookAPI.Get_API_Status -->
