<?xml version="1.0" encoding="UTF-8"?>
<!-- Generated by org.testng.reporters.JUnitReportReporter -->
<testsuite skipped="0" hostname="DESKTOP-9EU580V" name="dataDrivenTestPackage.DataDrivenAPITestFromExcel" tests="5" failures="0" timestamp="2022-12-17T19:00:52 CST" time="7.969" errors="0">
  <testcase name="postNewEmployee" time="6.241" classname="dataDrivenTestPackage.DataDrivenAPITestFromExcel"/>
  <system-out/>
  <testcase name="postNewEmployee" time="0.424" classname="dataDrivenTestPackage.DataDrivenAPITestFromExcel"/>
  <system-out/>
  <testcase name="postNewEmployee" time="0.447" classname="dataDrivenTestPackage.DataDrivenAPITestFromExcel"/>
  <system-out/>
  <testcase name="postNewEmployee" time="0.445" classname="dataDrivenTestPackage.DataDrivenAPITestFromExcel"/>
  <system-out/>
  <testcase name="postNewEmployee" time="0.412" classname="dataDrivenTestPackage.DataDrivenAPITestFromExcel"/>
  <system-out/>
</testsuite> <!-- dataDrivenTestPackage.DataDrivenAPITestFromExcel -->
