<?xml version="1.0" encoding="UTF-8"?>
<!-- Generated by org.testng.reporters.JUnitReportReporter -->
<testsuite skipped="0" hostname="DESKTOP-9EU580V" name="postmanAPItesting.AssertDemoAPI" tests="1" failures="0" timestamp="2022-12-15T16:45:30 CST" time="4.697" errors="0">
  <testcase name="getWeatherDetail" time="4.697" classname="postmanAPItesting.AssertDemoAPI"/>
  <system-out/>
</testsuite> <!-- postmanAPItesting.AssertDemoAPI -->
