<?xml version="1.0" encoding="UTF-8"?>
<!-- Generated by org.testng.reporters.JUnitReportReporter -->
<testsuite skipped="0" hostname="DESKTOP-9EU580V" name="postmanAPItesting.TC1_GetRequest" tests="1" failures="0" timestamp="2022-12-15T14:19:57 CST" time="4.557" errors="0">
  <testcase name="getRequest" time="4.557" classname="postmanAPItesting.TC1_GetRequest"/>
  <system-out/>
</testsuite> <!-- postmanAPItesting.TC1_GetRequest -->
