<?xml version="1.0" encoding="UTF-8"?>
<!-- Generated by org.testng.reporters.JUnitReportReporter -->
<testsuite skipped="0" hostname="DESKTOP-9EU580V" name="TC002_Post_Request" tests="1" failures="0" timestamp="2022-12-14T21:05:15 CST" time="4.319" errors="0">
  <testcase name="postRequest" time="4.319" classname="TC002_Post_Request"/>
  <system-out/>
</testsuite> <!-- TC002_Post_Request -->
