<?xml version="1.0" encoding="UTF-8"?>
<!-- Generated by org.testng.reporters.JUnitReportReporter -->
<testsuite skipped="0" hostname="DESKTOP-9EU580V" name="simpleBookAPI.Post_RegisterAPIClient" tests="1" failures="0" timestamp="2022-12-15T14:04:58 CST" time="3.529" errors="0">
  <testcase name="postRegisterAPI" time="3.529" classname="simpleBookAPI.Post_RegisterAPIClient"/>
  <system-out/>
</testsuite> <!-- simpleBookAPI.Post_RegisterAPIClient -->
